<?xml version="1.0" encoding="UTF-8"?>
<robot generator="Robot 6.0.2 (Python 3.9.13 on win32)" generated="20230402 08:04:53.198" rpa="false" schemaversion="3">
<suite id="s1" name="Cust Delete" source="C:\xampp\htdocs\shopdee\robotframework\cust_delete.robot">
<kw name="Open Browser" library="SeleniumLibrary" type="SETUP">
<arg>${URL}</arg>
<arg>${BROWSER}</arg>
<doc>Opens a new browser instance to the optional ``url``.</doc>
<msg timestamp="20230402 08:04:53.475" level="INFO">Opening browser 'chrome' to base url 'http://127.0.0.1:8000/admin/customer'.</msg>
<status status="PASS" starttime="20230402 08:04:53.474" endtime="20230402 08:04:55.926"/>
</kw>
<test id="s1-t1" name="Valid Customer Read" line="13">
<kw name="Maximize Browser Window" library="SeleniumLibrary">
<doc>Maximizes current browser window.</doc>
<status status="PASS" starttime="20230402 08:04:55.928" endtime="20230402 08:04:56.058"/>
</kw>
<kw name="Click Button" library="SeleniumLibrary">
<arg>id=btnDelete9</arg>
<doc>Clicks the button identified by ``locator``.</doc>
<msg timestamp="20230402 08:04:56.063" level="INFO">Clicking button 'id=btnDelete9'.</msg>
<status status="PASS" starttime="20230402 08:04:56.060" endtime="20230402 08:04:56.232"/>
</kw>
<kw name="Wait Until Page Contains" library="SeleniumLibrary">
<arg>คุณต้องการลบข้อมูลรายการนี้ใช่หรือไม่?</arg>
<doc>Waits until ``text`` appears on the current page.</doc>
<status status="PASS" starttime="20230402 08:04:56.232" endtime="20230402 08:04:56.247"/>
</kw>
<kw name="Wait Until Element Is Visible" library="SeleniumLibrary">
<arg>class=swal2-confirm</arg>
<doc>Waits until the element ``locator`` is visible.</doc>
<status status="PASS" starttime="20230402 08:04:56.248" endtime="20230402 08:04:56.279"/>
</kw>
<kw name="Click Button" library="SeleniumLibrary">
<arg>class=swal2-confirm</arg>
<doc>Clicks the button identified by ``locator``.</doc>
<msg timestamp="20230402 08:04:56.280" level="INFO">Clicking button 'class=swal2-confirm'.</msg>
<status status="PASS" starttime="20230402 08:04:56.280" endtime="20230402 08:04:57.220"/>
</kw>
<kw name="Click Button" library="SeleniumLibrary">
<arg>xpath=/html/body/div[2]/div/div[6]/button[1]</arg>
<doc>Clicks the button identified by ``locator``.</doc>
<msg timestamp="20230402 08:04:57.222" level="INFO">Clicking button 'xpath=/html/body/div[2]/div/div[6]/button[1]'.</msg>
<status status="PASS" starttime="20230402 08:04:57.221" endtime="20230402 08:04:57.283"/>
</kw>
<doc>Delete customer where id = 9.</doc>
<tag>customer_read</tag>
<status status="PASS" starttime="20230402 08:04:55.926" endtime="20230402 08:04:57.283"/>
</test>
<kw name="Close Browser" library="SeleniumLibrary" type="TEARDOWN">
<doc>Closes the current browser.</doc>
<status status="PASS" starttime="20230402 08:04:57.286" endtime="20230402 08:04:59.436"/>
</kw>
<status status="PASS" starttime="20230402 08:04:53.200" endtime="20230402 08:04:59.437"/>
</suite>
<statistics>
<total>
<stat pass="1" fail="0" skip="0">All Tests</stat>
</total>
<tag>
<stat pass="1" fail="0" skip="0">customer_read</stat>
</tag>
<suite>
<stat pass="1" fail="0" skip="0" id="s1" name="Cust Delete">Cust Delete</stat>
</suite>
</statistics>
<errors>
</errors>
</robot>
